<?xml version="1.0" encoding="UTF-8"?>
<!-- Generated by org.testng.reporters.JUnitXMLReporter -->
<testsuite hostname="t440p-20160304" ignored="2" name="Default test" tests="1" failures="0" timestamp="16 Feb 2018 15:33:22 GMT" time="24.855" errors="0">
  <testcase name="Search_Test_TC003" time="24.824" classname="AutomationFramework.PULSE_US_Test"/>
  <testcase name="Login_Success_Test_TC001" time="0.0" classname="AutomationFramework.PULSE_US_Test">
    <ignored/>
  </testcase> <!-- Login_Success_Test_TC001 -->
  <testcase name="Login_UnSuccessFul_Test_TC002" time="0.0" classname="AutomationFramework.PULSE_US_Test">
    <ignored/>
  </testcase> <!-- Login_UnSuccessFul_Test_TC002 -->
</testsuite> <!-- Default test -->
