<?xml version="1.0" encoding="UTF-8"?>
<!-- Generated by org.testng.reporters.JUnitXMLReporter -->
<testsuite hostname="t440p-20160304" ignored="2" name="Default test" tests="1" failures="0" timestamp="14 Feb 2018 03:48:14 GMT" time="6.122" errors="0">
  <testcase name="Login_UnSuccessFul_Test_TC002" time="6.086" classname="AutomationFramework.PULSE_US_Test"/>
  <testcase name="Login_Success_Test_TC001" time="0.0" classname="AutomationFramework.PULSE_US_Test">
    <ignored/>
  </testcase> <!-- Login_Success_Test_TC001 -->
  <testcase name="Search_Test_TC003" time="0.0" classname="AutomationFramework.PULSE_US_Test">
    <ignored/>
  </testcase> <!-- Search_Test_TC003 -->
</testsuite> <!-- Default test -->
