<?xml version="1.0" encoding="UTF-8"?>
<testng-results skipped="0" failed="0" ignored="2" total="3" passed="1">
  <reporter-output>
  </reporter-output>
  <suite name="Default suite" duration-ms="24855" started-at="2018-02-16T15:32:57Z" finished-at="2018-02-16T15:33:22Z">
    <groups>
    </groups>
    <test name="Default test" duration-ms="24855" started-at="2018-02-16T15:32:57Z" finished-at="2018-02-16T15:33:22Z">
      <class name="AutomationFramework.PULSE_US_Test">
        <test-method status="PASS" signature="Search_Test_TC003()[pri:0, instance:AutomationFramework.PULSE_US_Test@3532ec19]" name="Search_Test_TC003" duration-ms="24824" started-at="2018-02-16T10:32:57Z" finished-at="2018-02-16T10:33:22Z">
          <reporter-output>
          </reporter-output>
        </test-method> <!-- Search_Test_TC003 -->
      </class> <!-- AutomationFramework.PULSE_US_Test -->
    </test> <!-- Default test -->
  </suite> <!-- Default suite -->
</testng-results>
