<?xml version="1.0" encoding="UTF-8"?>
<testng-results skipped="0" failed="0" ignored="2" total="3" passed="1">
  <reporter-output>
  </reporter-output>
  <suite name="Default suite" duration-ms="6652" started-at="2018-02-15T03:22:34Z" finished-at="2018-02-15T03:22:40Z">
    <groups>
    </groups>
    <test name="Default test" duration-ms="6652" started-at="2018-02-15T03:22:34Z" finished-at="2018-02-15T03:22:40Z">
      <class name="AutomationFramework.PULSE_US_Test">
        <test-method status="PASS" signature="Login_UnSuccessFul_Test_TC002()[pri:0, instance:AutomationFramework.PULSE_US_Test@3532ec19]" name="Login_UnSuccessFul_Test_TC002" duration-ms="6617" started-at="2018-02-14T22:22:34Z" finished-at="2018-02-14T22:22:40Z">
          <reporter-output>
          </reporter-output>
        </test-method> <!-- Login_UnSuccessFul_Test_TC002 -->
      </class> <!-- AutomationFramework.PULSE_US_Test -->
    </test> <!-- Default test -->
  </suite> <!-- Default suite -->
</testng-results>
